<?xml version="1.0" encoding="UTF-8"?>
<testsuites name="jest tests" tests="3" failures="0" errors="0" time="7.547">
  <testsuite name="Tenant Isolation &amp; Header Spoofing (e2e)" errors="0" failures="0" skipped="0" timestamp="2026-09-06T14:19:52" time="1.293" tests="2">
    <testcase classname="Tenant Isolation &amp; Header Spoofing (e2e) should allow access when passing a valid x-tenant-id the user belongs to" name="Tenant Isolation &amp; Header Spoofing (e2e) should allow access when passing a valid x-tenant-id the user belongs to" time="0.029">
    </testcase>
    <testcase classname="Tenant Isolation &amp; Header Spoofing (e2e) should fail with 403 Forbidden when spoofing a foreign x-tenant-id" name="Tenant Isolation &amp; Header Spoofing (e2e) should fail with 403 Forbidden when spoofing a foreign x-tenant-id" time="0.007">
    </testcase>
  </testsuite>
  <testsuite name="AuthController (e2e)" errors="0" failures="0" skipped="0" timestamp="2026-09-06T14:19:52" time="6.911" tests="1">
    <testcase classname="AuthController (e2e) /api/v1/auth/login (POST) should enforce rate limiting" name="AuthController (e2e) /api/v1/auth/login (POST) should enforce rate limiting" time="2.886">
    </testcase>
  </testsuite>
</testsuites>