<?xml version="1.0" encoding="UTF-8"?>
<testsuites name="jest tests" tests="8" failures="0" errors="0" time="79.475">
  <testsuite name="Parent Portal (Real E2E)" errors="0" failures="0" skipped="0" timestamp="2026-08-31T06:37:07" time="79.421" tests="8">
    <testcase classname="Parent Portal (Real E2E) Authorization &amp; Isolation should allow valid guardian and return authorized children on dashboard" name="Parent Portal (Real E2E) Authorization &amp; Isolation should allow valid guardian and return authorized children on dashboard" time="11.675">
    </testcase>
    <testcase classname="Parent Portal (Real E2E) Authorization &amp; Isolation should reject same-tenant unauthorized child access attempts (FamilyContext restriction)" name="Parent Portal (Real E2E) Authorization &amp; Isolation should reject same-tenant unauthorized child access attempts (FamilyContext restriction)" time="3.882">
    </testcase>
    <testcase classname="Parent Portal (Real E2E) Authorization &amp; Isolation should reject cross-tenant child access completely" name="Parent Portal (Real E2E) Authorization &amp; Isolation should reject cross-tenant child access completely" time="3.891">
    </testcase>
    <testcase classname="Parent Portal (Real E2E) Data Authenticity finance data should reflect real DB records" name="Parent Portal (Real E2E) Data Authenticity finance data should reflect real DB records" time="3.785">
    </testcase>
    <testcase classname="Parent Portal (Real E2E) Data Authenticity attendance data should reflect real DB records" name="Parent Portal (Real E2E) Data Authenticity attendance data should reflect real DB records" time="6.861">
    </testcase>
    <testcase classname="Parent Portal (Real E2E) Data Authenticity assessment data should reflect real DB records" name="Parent Portal (Real E2E) Data Authenticity assessment data should reflect real DB records" time="7.27">
    </testcase>
    <testcase classname="Parent Portal (Real E2E) Data Authenticity announcements should remain explicitly empty" name="Parent Portal (Real E2E) Data Authenticity announcements should remain explicitly empty" time="6.663">
    </testcase>
    <testcase classname="Parent Portal (Real E2E) SSE Stream Security SSE stream should establish connection (tested via simple HTTP GET since Jest Supertest SSE is tricky)" name="Parent Portal (Real E2E) SSE Stream Security SSE stream should establish connection (tested via simple HTTP GET since Jest Supertest SSE is tricky)" time="0.206">
    </testcase>
  </testsuite>
</testsuites>